<?xml version="1.0" encoding="UTF-8"?>
<testng-results ignored="0" total="158" passed="114" failed="44" skipped="0">
  <reporter-output>
  </reporter-output>
  <suite started-at="2026-05-05T14:06:04 CDT" name="Default suite" finished-at="2026-05-05T14:06:41 CDT" duration-ms="37673">
    <groups>
      <group name="cucumber">
        <method signature="AbstractTestNGCucumberTests.runScenario(io.cucumber.testng.PickleWrapper,io.cucumber.testng.FeatureWrapper)[pri:0, instance:runner.Runner@757277dc]" name="runScenario" class="io.cucumber.testng.AbstractTestNGCucumberTests"/>
      </group> <!-- cucumber -->
    </groups>
    <test started-at="2026-05-05T14:06:04 CDT" name="Default test" finished-at="2026-05-05T14:06:41 CDT" duration-ms="37673">
      <class name="runner.Runner">
        <test-method is-config="true" signature="setUpClass(org.testng.ITestContext)[pri:0, instance:runner.Runner@757277dc]" started-at="2026-05-05T14:06:04 CDT" name="setUpClass" finished-at="2026-05-05T14:06:04 CDT" duration-ms="850" status="PASS">
          <params>
            <param index="0">
              <value>
                <![CDATA[org.testng.TestRunner@6c7bc8ac]]>
              </value>
            </param>
          </params>
          <reporter-output>
          </reporter-output>
        </test-method> <!-- setUpClass -->
        <test-method signature="runScenario(io.cucumber.testng.PickleWrapper,io.cucumber.testng.FeatureWrapper)[pri:0, instance:runner.Runner@757277dc]" started-at="2026-05-05T14:06:04 CDT" name="runScenario" description="Runs Cucumber Scenarios" data-provider="scenarios" finished-at="2026-05-05T14:06:07 CDT" duration-ms="2490" status="PASS">
          <params>
            <param index="0">
              <value>
                <![CDATA["Admin generates token with invalid method"]]>
              </value>
            </param>
            <param index="1">
              <value>
                <![CDATA["User sign-in"]]>
              </value>
            </param>
          </params>
          <reporter-output>
          </reporter-output>
        </test-method> <!-- runScenario -->
        <test-method signature="runScenario(io.cucumber.testng.PickleWrapper,io.cucumber.testng.FeatureWrapper)[pri:0, instance:runner.Runner@757277dc]" started-at="2026-05-05T14:06:07 CDT" name="runScenario" description="Runs Cucumber Scenarios" data-provider="scenarios" finished-at="2026-05-05T14:06:07 CDT" duration-ms="485" status="PASS">
          <params>
            <param index="0">
              <value>
                <![CDATA["Admin generates token with invalid base URL"]]>
              </value>
            </param>
            <param index="1">
              <value>
                <![CDATA["User sign-in"]]>
              </value>
            </param>
          </params>
          <reporter-output>
          </reporter-output>
        </test-method> <!-- runScenario -->
        <test-method signature="runScenario(io.cucumber.testng.PickleWrapper,io.cucumber.testng.FeatureWrapper)[pri:0, instance:runner.Runner@757277dc]" started-at="2026-05-05T14:06:07 CDT" name="runScenario" description="Runs Cucumber Scenarios" data-provider="scenarios" finished-at="2026-05-05T14:06:08 CDT" duration-ms="333" status="PASS">
          <params>
            <param index="0">
              <value>
                <![CDATA["Admin generates token with invalid content type"]]>
              </value>
            </param>
            <param index="1">
              <value>
                <![CDATA["User sign-in"]]>
              </value>
            </param>
          </params>
          <reporter-output>
          </reporter-output>
        </test-method> <!-- runScenario -->
        <test-method signature="runScenario(io.cucumber.testng.PickleWrapper,io.cucumber.testng.FeatureWrapper)[pri:0, instance:runner.Runner@757277dc]" started-at="2026-05-05T14:06:08 CDT" name="runScenario" description="Runs Cucumber Scenarios" data-provider="scenarios" finished-at="2026-05-05T14:06:08 CDT" duration-ms="314" status="PASS">
          <params>
            <param index="0">
              <value>
                <![CDATA["Admin generates token with invalid endpoint"]]>
              </value>
            </param>
            <param index="1">
              <value>
                <![CDATA["User sign-in"]]>
              </value>
            </param>
          </params>
          <reporter-output>
          </reporter-output>
        </test-method> <!-- runScenario -->
        <test-method signature="runScenario(io.cucumber.testng.PickleWrapper,io.cucumber.testng.FeatureWrapper)[pri:0, instance:runner.Runner@757277dc]" started-at="2026-05-05T14:06:08 CDT" name="runScenario" description="Runs Cucumber Scenarios" data-provider="scenarios" finished-at="2026-05-05T14:06:08 CDT" duration-ms="343" status="PASS">
          <params>
            <param index="0">
              <value>
                <![CDATA["Admin generates token with empty email"]]>
              </value>
            </param>
            <param index="1">
              <value>
                <![CDATA["User sign-in"]]>
              </value>
            </param>
          </params>
          <reporter-output>
          </reporter-output>
        </test-method> <!-- runScenario -->
        <test-method signature="runScenario(io.cucumber.testng.PickleWrapper,io.cucumber.testng.FeatureWrapper)[pri:0, instance:runner.Runner@757277dc]" started-at="2026-05-05T14:06:08 CDT" name="runScenario" description="Runs Cucumber Scenarios" data-provider="scenarios" finished-at="2026-05-05T14:06:09 CDT" duration-ms="321" status="PASS">
          <params>
            <param index="0">
              <value>
                <![CDATA["Admin generates token with special characters in email"]]>
              </value>
            </param>
            <param index="1">
              <value>
                <![CDATA["User sign-in"]]>
              </value>
            </param>
          </params>
          <reporter-output>
          </reporter-output>
        </test-method> <!-- runScenario -->
        <test-method signature="runScenario(io.cucumber.testng.PickleWrapper,io.cucumber.testng.FeatureWrapper)[pri:0, instance:runner.Runner@757277dc]" started-at="2026-05-05T14:06:09 CDT" name="runScenario" description="Runs Cucumber Scenarios" data-provider="scenarios" finished-at="2026-05-05T14:06:09 CDT" duration-ms="441" status="PASS">
          <params>
            <param index="0">
              <value>
                <![CDATA["Admin generates token with email having spaces"]]>
              </value>
            </param>
            <param index="1">
              <value>
                <![CDATA["User sign-in"]]>
              </value>
            </param>
          </params>
          <reporter-output>
          </reporter-output>
        </test-method> <!-- runScenario -->
        <test-method signature="runScenario(io.cucumber.testng.PickleWrapper,io.cucumber.testng.FeatureWrapper)[pri:0, instance:runner.Runner@757277dc]" started-at="2026-05-05T14:06:09 CDT" name="runScenario" description="Runs Cucumber Scenarios" data-provider="scenarios" finished-at="2026-05-05T14:06:10 CDT" duration-ms="349" status="FAIL">
          <params>
            <param index="0">
              <value>
                <![CDATA["Admin generates token with null in email field"]]>
              </value>
            </param>
            <param index="1">
              <value>
                <![CDATA["User sign-in"]]>
              </value>
            </param>
          </params>
          <exception class="java.lang.AssertionError">
            <message>
              <![CDATA[1 expectation failed.
Expected status code <401> but was <400>.
]]>
            </message>
            <full-stacktrace>
              <![CDATA[java.lang.AssertionError: 1 expectation failed.
Expected status code <401> but was <400>.

at java.base/jdk.internal.reflect.NativeConstructorAccessorImpl.newInstance0(Native Method)
at java.base/jdk.internal.reflect.NativeConstructorAccessorImpl.newInstance(NativeConstructorAccessorImpl.java:77)
at java.base/jdk.internal.reflect.DelegatingConstructorAccessorImpl.newInstance(DelegatingConstructorAccessorImpl.java:45)
at java.base/java.lang.reflect.Constructor.newInstanceWithCaller(Constructor.java:499)
at java.base/java.lang.reflect.Constructor.newInstance(Constructor.java:480)
at org.codehaus.groovy.reflection.CachedConstructor.invoke(CachedConstructor.java:73)
at org.codehaus.groovy.runtime.callsite.ConstructorSite$ConstructorSiteNoUnwrapNoCoerce.callConstructor(ConstructorSite.java:108)
at org.codehaus.groovy.runtime.callsite.CallSiteArray.defaultCallConstructor(CallSiteArray.java:57)
at org.codehaus.groovy.runtime.callsite.AbstractCallSite.callConstructor(AbstractCallSite.java:263)
at org.codehaus.groovy.runtime.callsite.AbstractCallSite.callConstructor(AbstractCallSite.java:277)
at io.restassured.internal.ResponseSpecificationImpl$HamcrestAssertionClosure.validate(ResponseSpecificationImpl.groovy:512)
at io.restassured.internal.ResponseSpecificationImpl$HamcrestAssertionClosure$validate$1.call(Unknown Source)
at io.restassured.internal.ResponseSpecificationImpl.validateResponseIfRequired(ResponseSpecificationImpl.groovy:696)
at io.restassured.internal.ResponseSpecificationImpl.this$2$validateResponseIfRequired(ResponseSpecificationImpl.groovy)
at jdk.internal.reflect.GeneratedMethodAccessor154.invoke(Unknown Source)
at java.base/jdk.internal.reflect.DelegatingMethodAccessorImpl.invoke(DelegatingMethodAccessorImpl.java:43)
at java.base/java.lang.reflect.Method.invoke(Method.java:568)
at org.codehaus.groovy.runtime.callsite.PlainObjectMetaMethodSite.doInvoke(PlainObjectMetaMethodSite.java:43)
at org.codehaus.groovy.runtime.callsite.PogoMetaMethodSite$PogoCachedMethodSiteNoUnwrapNoCoerce.invoke(PogoMetaMethodSite.java:198)
at org.codehaus.groovy.runtime.callsite.PogoMetaMethodSite.callCurrent(PogoMetaMethodSite.java:62)
at org.codehaus.groovy.runtime.callsite.AbstractCallSite.callCurrent(AbstractCallSite.java:185)
at io.restassured.internal.ResponseSpecificationImpl.statusCode(ResponseSpecificationImpl.groovy:135)
at io.restassured.specification.ResponseSpecification$statusCode$0.callCurrent(Unknown Source)
at io.restassured.internal.ResponseSpecificationImpl.statusCode(ResponseSpecificationImpl.groovy:143)
at io.restassured.internal.ValidatableResponseOptionsImpl.statusCode(ValidatableResponseOptionsImpl.java:89)
at StepDefinition.userLogin.validateStatusCodeResponse(userLogin.java:60)
at StepDefinition.userLogin.admin_receives_status_code(userLogin.java:120)
at ✽.Admin receives status code(file:///C:/Users/gayat/git/Team04_RestassuredExplorers/src/test/resources/features/01Login.feature:43)
]]>
            </full-stacktrace>
          </exception> <!-- java.lang.AssertionError -->
          <reporter-output>
          </reporter-output>
        </test-method> <!-- runScenario -->
        <test-method signature="runScenario(io.cucumber.testng.PickleWrapper,io.cucumber.testng.FeatureWrapper)[pri:0, instance:runner.Runner@757277dc]" started-at="2026-05-05T14:06:10 CDT" name="runScenario" description="Runs Cucumber Scenarios" data-provider="scenarios" finished-at="2026-05-05T14:06:10 CDT" duration-ms="311" status="PASS">
          <params>
            <param index="0">
              <value>
                <![CDATA["Admin generates token for unregistered email"]]>
              </value>
            </param>
            <param index="1">
              <value>
                <![CDATA["User sign-in"]]>
              </value>
            </param>
          </params>
          <reporter-output>
          </reporter-output>
        </test-method> <!-- runScenario -->
        <test-method signature="runScenario(io.cucumber.testng.PickleWrapper,io.cucumber.testng.FeatureWrapper)[pri:0, instance:runner.Runner@757277dc]" started-at="2026-05-05T14:06:10 CDT" name="runScenario" description="Runs Cucumber Scenarios" data-provider="scenarios" finished-at="2026-05-05T14:06:10 CDT" duration-ms="308" status="PASS">
          <params>
            <param index="0">
              <value>
                <![CDATA["Admin generates token with empty password"]]>
              </value>
            </param>
            <param index="1">
              <value>
                <![CDATA["User sign-in"]]>
              </value>
            </param>
          </params>
          <reporter-output>
          </reporter-output>
        </test-method> <!-- runScenario -->
        <test-method signature="runScenario(io.cucumber.testng.PickleWrapper,io.cucumber.testng.FeatureWrapper)[pri:0, instance:runner.Runner@757277dc]" started-at="2026-05-05T14:06:10 CDT" name="runScenario" description="Runs Cucumber Scenarios" data-provider="scenarios" finished-at="2026-05-05T14:06:11 CDT" duration-ms="1059" status="PASS">
          <params>
            <param index="0">
              <value>
                <![CDATA["Admin generates token with special characters inserted in password"]]>
              </value>
            </param>
            <param index="1">
              <value>
                <![CDATA["User sign-in"]]>
              </value>
            </param>
          </params>
          <reporter-output>
          </reporter-output>
        </test-method> <!-- runScenario -->
        <test-method signature="runScenario(io.cucumber.testng.PickleWrapper,io.cucumber.testng.FeatureWrapper)[pri:0, instance:runner.Runner@757277dc]" started-at="2026-05-05T14:06:11 CDT" name="runScenario" description="Runs Cucumber Scenarios" data-provider="scenarios" finished-at="2026-05-05T14:06:12 CDT" duration-ms="307" status="PASS">
          <params>
            <param index="0">
              <value>
                <![CDATA["Admin generates token with password having spaces"]]>
              </value>
            </param>
            <param index="1">
              <value>
                <![CDATA["User sign-in"]]>
              </value>
            </param>
          </params>
          <reporter-output>
          </reporter-output>
        </test-method> <!-- runScenario -->
        <test-method signature="runScenario(io.cucumber.testng.PickleWrapper,io.cucumber.testng.FeatureWrapper)[pri:0, instance:runner.Runner@757277dc]" started-at="2026-05-05T14:06:12 CDT" name="runScenario" description="Runs Cucumber Scenarios" data-provider="scenarios" finished-at="2026-05-05T14:06:12 CDT" duration-ms="310" status="PASS">
          <params>
            <param index="0">
              <value>
                <![CDATA["Admin generates token with null in password field"]]>
              </value>
            </param>
            <param index="1">
              <value>
                <![CDATA["User sign-in"]]>
              </value>
            </param>
          </params>
          <reporter-output>
          </reporter-output>
        </test-method> <!-- runScenario -->
        <test-method signature="runScenario(io.cucumber.testng.PickleWrapper,io.cucumber.testng.FeatureWrapper)[pri:0, instance:runner.Runner@757277dc]" started-at="2026-05-05T14:06:12 CDT" name="runScenario" description="Runs Cucumber Scenarios" data-provider="scenarios" finished-at="2026-05-05T14:06:12 CDT" duration-ms="353" status="PASS">
          <params>
            <param index="0">
              <value>
                <![CDATA["Admin generates for inactive user"]]>
              </value>
            </param>
            <param index="1">
              <value>
                <![CDATA["User sign-in"]]>
              </value>
            </param>
          </params>
          <reporter-output>
          </reporter-output>
        </test-method> <!-- runScenario -->
        <test-method signature="runScenario(io.cucumber.testng.PickleWrapper,io.cucumber.testng.FeatureWrapper)[pri:0, instance:runner.Runner@757277dc]" started-at="2026-05-05T14:06:12 CDT" name="runScenario" description="Runs Cucumber Scenarios" data-provider="scenarios" finished-at="2026-05-05T14:06:13 CDT" duration-ms="300" status="FAIL">
          <params>
            <param index="0">
              <value>
                <![CDATA["Admin generates token without request body"]]>
              </value>
            </param>
            <param index="1">
              <value>
                <![CDATA["User sign-in"]]>
              </value>
            </param>
          </params>
          <exception class="java.lang.AssertionError">
            <message>
              <![CDATA[1 expectation failed.
Expected status code <415> but was <400>.
]]>
            </message>
            <full-stacktrace>
              <![CDATA[java.lang.AssertionError: 1 expectation failed.
Expected status code <415> but was <400>.

at java.base/jdk.internal.reflect.NativeConstructorAccessorImpl.newInstance0(Native Method)
at java.base/jdk.internal.reflect.NativeConstructorAccessorImpl.newInstance(NativeConstructorAccessorImpl.java:77)
at java.base/jdk.internal.reflect.DelegatingConstructorAccessorImpl.newInstance(DelegatingConstructorAccessorImpl.java:45)
at java.base/java.lang.reflect.Constructor.newInstanceWithCaller(Constructor.java:499)
at java.base/java.lang.reflect.Constructor.newInstance(Constructor.java:480)
at org.codehaus.groovy.reflection.CachedConstructor.invoke(CachedConstructor.java:73)
at org.codehaus.groovy.runtime.callsite.ConstructorSite$ConstructorSiteNoUnwrapNoCoerce.callConstructor(ConstructorSite.java:108)
at org.codehaus.groovy.runtime.callsite.AbstractCallSite.callConstructor(AbstractCallSite.java:277)
at io.restassured.internal.ResponseSpecificationImpl$HamcrestAssertionClosure.validate(ResponseSpecificationImpl.groovy:512)
at io.restassured.internal.ResponseSpecificationImpl$HamcrestAssertionClosure$validate$1.call(Unknown Source)
at io.restassured.internal.ResponseSpecificationImpl.validateResponseIfRequired(ResponseSpecificationImpl.groovy:696)
at io.restassured.internal.ResponseSpecificationImpl.this$2$validateResponseIfRequired(ResponseSpecificationImpl.groovy)
at jdk.internal.reflect.GeneratedMethodAccessor154.invoke(Unknown Source)
at java.base/jdk.internal.reflect.DelegatingMethodAccessorImpl.invoke(DelegatingMethodAccessorImpl.java:43)
at java.base/java.lang.reflect.Method.invoke(Method.java:568)
at org.codehaus.groovy.runtime.callsite.PlainObjectMetaMethodSite.doInvoke(PlainObjectMetaMethodSite.java:43)
at org.codehaus.groovy.runtime.callsite.PogoMetaMethodSite$PogoCachedMethodSiteNoUnwrapNoCoerce.invoke(PogoMetaMethodSite.java:198)
at org.codehaus.groovy.runtime.callsite.PogoMetaMethodSite.callCurrent(PogoMetaMethodSite.java:62)
at org.codehaus.groovy.runtime.callsite.AbstractCallSite.callCurrent(AbstractCallSite.java:185)
at io.restassured.internal.ResponseSpecificationImpl.statusCode(ResponseSpecificationImpl.groovy:135)
at io.restassured.specification.ResponseSpecification$statusCode$0.callCurrent(Unknown Source)
at io.restassured.internal.ResponseSpecificationImpl.statusCode(ResponseSpecificationImpl.groovy:143)
at io.restassured.internal.ValidatableResponseOptionsImpl.statusCode(ValidatableResponseOptionsImpl.java:89)
at StepDefinition.userLogin.validateStatusCodeResponse(userLogin.java:60)
at StepDefinition.userLogin.admin_receives_status_code(userLogin.java:120)
at ✽.Admin receives status code(file:///C:/Users/gayat/git/Team04_RestassuredExplorers/src/test/resources/features/01Login.feature:78)
]]>
            </full-stacktrace>
          </exception> <!-- java.lang.AssertionError -->
          <reporter-output>
          </reporter-output>
        </test-method> <!-- runScenario -->
        <test-method signature="runScenario(io.cucumber.testng.PickleWrapper,io.cucumber.testng.FeatureWrapper)[pri:0, instance:runner.Runner@757277dc]" started-at="2026-05-05T14:06:13 CDT" name="runScenario" description="Runs Cucumber Scenarios" data-provider="scenarios" finished-at="2026-05-05T14:06:13 CDT" duration-ms="485" status="PASS">
          <params>
            <param index="0">
              <value>
                <![CDATA["Admin generates token with valid credential"]]>
              </value>
            </param>
            <param index="1">
              <value>
                <![CDATA["User sign-in"]]>
              </value>
            </param>
          </params>
          <reporter-output>
          </reporter-output>
        </test-method> <!-- runScenario -->
        <test-method signature="runScenario(io.cucumber.testng.PickleWrapper,io.cucumber.testng.FeatureWrapper)[pri:0, instance:runner.Runner@757277dc]" started-at="2026-05-05T14:06:13 CDT" name="runScenario" description="Runs Cucumber Scenarios" data-provider="scenarios" finished-at="2026-05-05T14:06:14 CDT" duration-ms="999" status="PASS">
          <params>
            <param index="0">
              <value>
                <![CDATA["Admin creating program with different test data"]]>
              </value>
            </param>
            <param index="1">
              <value>
                <![CDATA["Program module"]]>
              </value>
            </param>
          </params>
          <reporter-output>
          </reporter-output>
        </test-method> <!-- runScenario -->
        <test-method signature="runScenario(io.cucumber.testng.PickleWrapper,io.cucumber.testng.FeatureWrapper)[pri:0, instance:runner.Runner@757277dc]" started-at="2026-05-05T14:06:14 CDT" name="runScenario" description="Runs Cucumber Scenarios" data-provider="scenarios" finished-at="2026-05-05T14:06:14 CDT" duration-ms="319" status="FAIL">
          <params>
            <param index="0">
              <value>
                <![CDATA["Admin creating program with different test data"]]>
              </value>
            </param>
            <param index="1">
              <value>
                <![CDATA["Program module"]]>
              </value>
            </param>
          </params>
          <exception class="java.lang.AssertionError">
            <message>
              <![CDATA[1 expectation failed.
Expected status code <201> but was <400>.
]]>
            </message>
            <full-stacktrace>
              <![CDATA[java.lang.AssertionError: 1 expectation failed.
Expected status code <201> but was <400>.

at java.base/jdk.internal.reflect.NativeConstructorAccessorImpl.newInstance0(Native Method)
at java.base/jdk.internal.reflect.NativeConstructorAccessorImpl.newInstance(NativeConstructorAccessorImpl.java:77)
at java.base/jdk.internal.reflect.DelegatingConstructorAccessorImpl.newInstance(DelegatingConstructorAccessorImpl.java:45)
at java.base/java.lang.reflect.Constructor.newInstanceWithCaller(Constructor.java:499)
at java.base/java.lang.reflect.Constructor.newInstance(Constructor.java:480)
at org.codehaus.groovy.reflection.CachedConstructor.invoke(CachedConstructor.java:73)
at org.codehaus.groovy.runtime.callsite.ConstructorSite$ConstructorSiteNoUnwrapNoCoerce.callConstructor(ConstructorSite.java:108)
at org.codehaus.groovy.runtime.callsite.AbstractCallSite.callConstructor(AbstractCallSite.java:277)
at io.restassured.internal.ResponseSpecificationImpl$HamcrestAssertionClosure.validate(ResponseSpecificationImpl.groovy:512)
at io.restassured.internal.ResponseSpecificationImpl$HamcrestAssertionClosure$validate$1.call(Unknown Source)
at io.restassured.internal.ResponseSpecificationImpl.validateResponseIfRequired(ResponseSpecificationImpl.groovy:696)
at io.restassured.internal.ResponseSpecificationImpl.this$2$validateResponseIfRequired(ResponseSpecificationImpl.groovy)
at jdk.internal.reflect.GeneratedMethodAccessor154.invoke(Unknown Source)
at java.base/jdk.internal.reflect.DelegatingMethodAccessorImpl.invoke(DelegatingMethodAccessorImpl.java:43)
at java.base/java.lang.reflect.Method.invoke(Method.java:568)
at org.codehaus.groovy.runtime.callsite.PlainObjectMetaMethodSite.doInvoke(PlainObjectMetaMethodSite.java:43)
at org.codehaus.groovy.runtime.callsite.PogoMetaMethodSite$PogoCachedMethodSiteNoUnwrapNoCoerce.invoke(PogoMetaMethodSite.java:198)
at org.codehaus.groovy.runtime.callsite.PogoMetaMethodSite.callCurrent(PogoMetaMethodSite.java:62)
at org.codehaus.groovy.runtime.callsite.AbstractCallSite.callCurrent(AbstractCallSite.java:185)
at io.restassured.internal.ResponseSpecificationImpl.statusCode(ResponseSpecificationImpl.groovy:135)
at io.restassured.specification.ResponseSpecification$statusCode$0.callCurrent(Unknown Source)
at io.restassured.internal.ResponseSpecificationImpl.statusCode(ResponseSpecificationImpl.groovy:143)
at io.restassured.internal.ValidatableResponseOptionsImpl.statusCode(ValidatableResponseOptionsImpl.java:89)
at utils.CommonMethods.validateStatusCode(CommonMethods.java:111)
at StepDefinition.programController.admin_receives_statuscode_with_message(programController.java:130)
at ✽.Admin receives statuscode "201" with message "Created"(file:///C:/Users/gayat/git/Team04_RestassuredExplorers/src/test/resources/features/02ProgramPost.feature:11)
]]>
            </full-stacktrace>
          </exception> <!-- java.lang.AssertionError -->
          <reporter-output>
          </reporter-output>
        </test-method> <!-- runScenario -->
        <test-method signature="runScenario(io.cucumber.testng.PickleWrapper,io.cucumber.testng.FeatureWrapper)[pri:0, instance:runner.Runner@757277dc]" started-at="2026-05-05T14:06:14 CDT" name="runScenario" description="Runs Cucumber Scenarios" data-provider="scenarios" finished-at="2026-05-05T14:06:15 CDT" duration-ms="382" status="PASS">
          <params>
            <param index="0">
              <value>
                <![CDATA["Admin creating program with different test data"]]>
              </value>
            </param>
            <param index="1">
              <value>
                <![CDATA["Program module"]]>
              </value>
            </param>
          </params>
          <reporter-output>
          </reporter-output>
        </test-method> <!-- runScenario -->
        <test-method signature="runScenario(io.cucumber.testng.PickleWrapper,io.cucumber.testng.FeatureWrapper)[pri:0, instance:runner.Runner@757277dc]" started-at="2026-05-05T14:06:15 CDT" name="runScenario" description="Runs Cucumber Scenarios" data-provider="scenarios" finished-at="2026-05-05T14:06:15 CDT" duration-ms="387" status="PASS">
          <params>
            <param index="0">
              <value>
                <![CDATA["Admin creating program with different test data"]]>
              </value>
            </param>
            <param index="1">
              <value>
                <![CDATA["Program module"]]>
              </value>
            </param>
          </params>
          <reporter-output>
          </reporter-output>
        </test-method> <!-- runScenario -->
        <test-method signature="runScenario(io.cucumber.testng.PickleWrapper,io.cucumber.testng.FeatureWrapper)[pri:0, instance:runner.Runner@757277dc]" started-at="2026-05-05T14:06:15 CDT" name="runScenario" description="Runs Cucumber Scenarios" data-provider="scenarios" finished-at="2026-05-05T14:06:15 CDT" duration-ms="316" status="PASS">
          <params>
            <param index="0">
              <value>
                <![CDATA["Admin creates a program with invalid requests"]]>
              </value>
            </param>
            <param index="1">
              <value>
                <![CDATA["Program module"]]>
              </value>
            </param>
          </params>
          <reporter-output>
          </reporter-output>
        </test-method> <!-- runScenario -->
        <test-method signature="runScenario(io.cucumber.testng.PickleWrapper,io.cucumber.testng.FeatureWrapper)[pri:0, instance:runner.Runner@757277dc]" started-at="2026-05-05T14:06:15 CDT" name="runScenario" description="Runs Cucumber Scenarios" data-provider="scenarios" finished-at="2026-05-05T14:06:16 CDT" duration-ms="321" status="PASS">
          <params>
            <param index="0">
              <value>
                <![CDATA["Admin creates a program with invalid requests"]]>
              </value>
            </param>
            <param index="1">
              <value>
                <![CDATA["Program module"]]>
              </value>
            </param>
          </params>
          <reporter-output>
          </reporter-output>
        </test-method> <!-- runScenario -->
        <test-method signature="runScenario(io.cucumber.testng.PickleWrapper,io.cucumber.testng.FeatureWrapper)[pri:0, instance:runner.Runner@757277dc]" started-at="2026-05-05T14:06:16 CDT" name="runScenario" description="Runs Cucumber Scenarios" data-provider="scenarios" finished-at="2026-05-05T14:06:16 CDT" duration-ms="21" status="PASS">
          <params>
            <param index="0">
              <value>
                <![CDATA["Admin creates a program with invalid requests"]]>
              </value>
            </param>
            <param index="1">
              <value>
                <![CDATA["Program module"]]>
              </value>
            </param>
          </params>
          <reporter-output>
          </reporter-output>
        </test-method> <!-- runScenario -->
        <test-method signature="runScenario(io.cucumber.testng.PickleWrapper,io.cucumber.testng.FeatureWrapper)[pri:0, instance:runner.Runner@757277dc]" started-at="2026-05-05T14:06:16 CDT" name="runScenario" description="Runs Cucumber Scenarios" data-provider="scenarios" finished-at="2026-05-05T14:06:16 CDT" duration-ms="306" status="PASS">
          <params>
            <param index="0">
              <value>
                <![CDATA["Admin creates a program with invalid requests"]]>
              </value>
            </param>
            <param index="1">
              <value>
                <![CDATA["Program module"]]>
              </value>
            </param>
          </params>
          <reporter-output>
          </reporter-output>
        </test-method> <!-- runScenario -->
        <test-method signature="runScenario(io.cucumber.testng.PickleWrapper,io.cucumber.testng.FeatureWrapper)[pri:0, instance:runner.Runner@757277dc]" started-at="2026-05-05T14:06:16 CDT" name="runScenario" description="Runs Cucumber Scenarios" data-provider="scenarios" finished-at="2026-05-05T14:06:16 CDT" duration-ms="308" status="PASS">
          <params>
            <param index="0">
              <value>
                <![CDATA["Admin creates program with various inputs"]]>
              </value>
            </param>
            <param index="1">
              <value>
                <![CDATA["Program module"]]>
              </value>
            </param>
          </params>
          <reporter-output>
          </reporter-output>
        </test-method> <!-- runScenario -->
        <test-method signature="runScenario(io.cucumber.testng.PickleWrapper,io.cucumber.testng.FeatureWrapper)[pri:0, instance:runner.Runner@757277dc]" started-at="2026-05-05T14:06:16 CDT" name="runScenario" description="Runs Cucumber Scenarios" data-provider="scenarios" finished-at="2026-05-05T14:06:17 CDT" duration-ms="313" status="PASS">
          <params>
            <param index="0">
              <value>
                <![CDATA["Admin creates program with various inputs"]]>
              </value>
            </param>
            <param index="1">
              <value>
                <![CDATA["Program module"]]>
              </value>
            </param>
          </params>
          <reporter-output>
          </reporter-output>
        </test-method> <!-- runScenario -->
        <test-method signature="runScenario(io.cucumber.testng.PickleWrapper,io.cucumber.testng.FeatureWrapper)[pri:0, instance:runner.Runner@757277dc]" started-at="2026-05-05T14:06:17 CDT" name="runScenario" description="Runs Cucumber Scenarios" data-provider="scenarios" finished-at="2026-05-05T14:06:17 CDT" duration-ms="317" status="PASS">
          <params>
            <param index="0">
              <value>
                <![CDATA["Admin creates program with various inputs"]]>
              </value>
            </param>
            <param index="1">
              <value>
                <![CDATA["Program module"]]>
              </value>
            </param>
          </params>
          <reporter-output>
          </reporter-output>
        </test-method> <!-- runScenario -->
        <test-method signature="runScenario(io.cucumber.testng.PickleWrapper,io.cucumber.testng.FeatureWrapper)[pri:0, instance:runner.Runner@757277dc]" started-at="2026-05-05T14:06:17 CDT" name="runScenario" description="Runs Cucumber Scenarios" data-provider="scenarios" finished-at="2026-05-05T14:06:17 CDT" duration-ms="317" status="PASS">
          <params>
            <param index="0">
              <value>
                <![CDATA["Admin creates program with various inputs"]]>
              </value>
            </param>
            <param index="1">
              <value>
                <![CDATA["Program module"]]>
              </value>
            </param>
          </params>
          <reporter-output>
          </reporter-output>
        </test-method> <!-- runScenario -->
        <test-method signature="runScenario(io.cucumber.testng.PickleWrapper,io.cucumber.testng.FeatureWrapper)[pri:0, instance:runner.Runner@757277dc]" started-at="2026-05-05T14:06:17 CDT" name="runScenario" description="Runs Cucumber Scenarios" data-provider="scenarios" finished-at="2026-05-05T14:06:18 CDT" duration-ms="307" status="PASS">
          <params>
            <param index="0">
              <value>
                <![CDATA["Admin creates program with various inputs"]]>
              </value>
            </param>
            <param index="1">
              <value>
                <![CDATA["Program module"]]>
              </value>
            </param>
          </params>
          <reporter-output>
          </reporter-output>
        </test-method> <!-- runScenario -->
        <test-method signature="runScenario(io.cucumber.testng.PickleWrapper,io.cucumber.testng.FeatureWrapper)[pri:0, instance:runner.Runner@757277dc]" started-at="2026-05-05T14:06:18 CDT" name="runScenario" description="Runs Cucumber Scenarios" data-provider="scenarios" finished-at="2026-05-05T14:06:18 CDT" duration-ms="317" status="PASS">
          <params>
            <param index="0">
              <value>
                <![CDATA["Admin creates program with various inputs"]]>
              </value>
            </param>
            <param index="1">
              <value>
                <![CDATA["Program module"]]>
              </value>
            </param>
          </params>
          <reporter-output>
          </reporter-output>
        </test-method> <!-- runScenario -->
        <test-method signature="runScenario(io.cucumber.testng.PickleWrapper,io.cucumber.testng.FeatureWrapper)[pri:0, instance:runner.Runner@757277dc]" started-at="2026-05-05T14:06:18 CDT" name="runScenario" description="Runs Cucumber Scenarios" data-provider="scenarios" finished-at="2026-05-05T14:06:18 CDT" duration-ms="330" status="PASS">
          <params>
            <param index="0">
              <value>
                <![CDATA["Admin creates program with various inputs"]]>
              </value>
            </param>
            <param index="1">
              <value>
                <![CDATA["Program module"]]>
              </value>
            </param>
          </params>
          <reporter-output>
          </reporter-output>
        </test-method> <!-- runScenario -->
        <test-method signature="runScenario(io.cucumber.testng.PickleWrapper,io.cucumber.testng.FeatureWrapper)[pri:0, instance:runner.Runner@757277dc]" started-at="2026-05-05T14:06:18 CDT" name="runScenario" description="Runs Cucumber Scenarios" data-provider="scenarios" finished-at="2026-05-05T14:06:19 CDT" duration-ms="323" status="PASS">
          <params>
            <param index="0">
              <value>
                <![CDATA["Admin creates program with various inputs"]]>
              </value>
            </param>
            <param index="1">
              <value>
                <![CDATA["Program module"]]>
              </value>
            </param>
          </params>
          <reporter-output>
          </reporter-output>
        </test-method> <!-- runScenario -->
        <test-method signature="runScenario(io.cucumber.testng.PickleWrapper,io.cucumber.testng.FeatureWrapper)[pri:0, instance:runner.Runner@757277dc]" started-at="2026-05-05T14:06:19 CDT" name="runScenario" description="Runs Cucumber Scenarios" data-provider="scenarios" finished-at="2026-05-05T14:06:19 CDT" duration-ms="321" status="PASS">
          <params>
            <param index="0">
              <value>
                <![CDATA["Admin creates program with various inputs"]]>
              </value>
            </param>
            <param index="1">
              <value>
                <![CDATA["Program module"]]>
              </value>
            </param>
          </params>
          <reporter-output>
          </reporter-output>
        </test-method> <!-- runScenario -->
        <test-method signature="runScenario(io.cucumber.testng.PickleWrapper,io.cucumber.testng.FeatureWrapper)[pri:0, instance:runner.Runner@757277dc]" started-at="2026-05-05T14:06:19 CDT" name="runScenario" description="Runs Cucumber Scenarios" data-provider="scenarios" finished-at="2026-05-05T14:06:21 CDT" duration-ms="1644" status="PASS">
          <params>
            <param index="0">
              <value>
                <![CDATA["Admin retrieves all programs with various inputs"]]>
              </value>
            </param>
            <param index="1">
              <value>
                <![CDATA["Program Module - GET Opearations"]]>
              </value>
            </param>
          </params>
          <reporter-output>
          </reporter-output>
        </test-method> <!-- runScenario -->
        <test-method signature="runScenario(io.cucumber.testng.PickleWrapper,io.cucumber.testng.FeatureWrapper)[pri:0, instance:runner.Runner@757277dc]" started-at="2026-05-05T14:06:21 CDT" name="runScenario" description="Runs Cucumber Scenarios" data-provider="scenarios" finished-at="2026-05-05T14:06:21 CDT" duration-ms="302" status="PASS">
          <params>
            <param index="0">
              <value>
                <![CDATA["Admin retrieves all programs with various inputs"]]>
              </value>
            </param>
            <param index="1">
              <value>
                <![CDATA["Program Module - GET Opearations"]]>
              </value>
            </param>
          </params>
          <reporter-output>
          </reporter-output>
        </test-method> <!-- runScenario -->
        <test-method signature="runScenario(io.cucumber.testng.PickleWrapper,io.cucumber.testng.FeatureWrapper)[pri:0, instance:runner.Runner@757277dc]" started-at="2026-05-05T14:06:21 CDT" name="runScenario" description="Runs Cucumber Scenarios" data-provider="scenarios" finished-at="2026-05-05T14:06:22 CDT" duration-ms="1602" status="FAIL">
          <params>
            <param index="0">
              <value>
                <![CDATA["Admin retrieves all programs with various inputs"]]>
              </value>
            </param>
            <param index="1">
              <value>
                <![CDATA["Program Module - GET Opearations"]]>
              </value>
            </param>
          </params>
          <exception class="java.lang.AssertionError">
            <message>
              <![CDATA[1 expectation failed.
Expected status code <405> but was <200>.
]]>
            </message>
            <full-stacktrace>
              <![CDATA[java.lang.AssertionError: 1 expectation failed.
Expected status code <405> but was <200>.

at java.base/jdk.internal.reflect.NativeConstructorAccessorImpl.newInstance0(Native Method)
at java.base/jdk.internal.reflect.NativeConstructorAccessorImpl.newInstance(NativeConstructorAccessorImpl.java:77)
at java.base/jdk.internal.reflect.DelegatingConstructorAccessorImpl.newInstance(DelegatingConstructorAccessorImpl.java:45)
at java.base/java.lang.reflect.Constructor.newInstanceWithCaller(Constructor.java:499)
at java.base/java.lang.reflect.Constructor.newInstance(Constructor.java:480)
at org.codehaus.groovy.reflection.CachedConstructor.invoke(CachedConstructor.java:73)
at org.codehaus.groovy.runtime.callsite.ConstructorSite$ConstructorSiteNoUnwrapNoCoerce.callConstructor(ConstructorSite.java:108)
at org.codehaus.groovy.runtime.callsite.AbstractCallSite.callConstructor(AbstractCallSite.java:277)
at io.restassured.internal.ResponseSpecificationImpl$HamcrestAssertionClosure.validate(ResponseSpecificationImpl.groovy:512)
at io.restassured.internal.ResponseSpecificationImpl$HamcrestAssertionClosure$validate$1.call(Unknown Source)
at io.restassured.internal.ResponseSpecificationImpl.validateResponseIfRequired(ResponseSpecificationImpl.groovy:696)
at io.restassured.internal.ResponseSpecificationImpl.this$2$validateResponseIfRequired(ResponseSpecificationImpl.groovy)
at jdk.internal.reflect.GeneratedMethodAccessor154.invoke(Unknown Source)
at java.base/jdk.internal.reflect.DelegatingMethodAccessorImpl.invoke(DelegatingMethodAccessorImpl.java:43)
at java.base/java.lang.reflect.Method.invoke(Method.java:568)
at org.codehaus.groovy.runtime.callsite.PlainObjectMetaMethodSite.doInvoke(PlainObjectMetaMethodSite.java:43)
at org.codehaus.groovy.runtime.callsite.PogoMetaMethodSite$PogoCachedMethodSiteNoUnwrapNoCoerce.invoke(PogoMetaMethodSite.java:198)
at org.codehaus.groovy.runtime.callsite.PogoMetaMethodSite.callCurrent(PogoMetaMethodSite.java:62)
at org.codehaus.groovy.runtime.callsite.AbstractCallSite.callCurrent(AbstractCallSite.java:185)
at io.restassured.internal.ResponseSpecificationImpl.statusCode(ResponseSpecificationImpl.groovy:135)
at io.restassured.specification.ResponseSpecification$statusCode$0.callCurrent(Unknown Source)
at io.restassured.internal.ResponseSpecificationImpl.statusCode(ResponseSpecificationImpl.groovy:143)
at io.restassured.internal.ValidatableResponseOptionsImpl.statusCode(ValidatableResponseOptionsImpl.java:89)
at utils.CommonMethods.validateStatusCode(CommonMethods.java:111)
at StepDefinition.programController.admin_receives_with(programController.java:245)
at ✽.Admin receives "405" with "Request method 'POST' is not supported"(file:///C:/Users/gayat/git/Team04_RestassuredExplorers/src/test/resources/features/03ProgramGet.feature:10)
]]>
            </full-stacktrace>
          </exception> <!-- java.lang.AssertionError -->
          <reporter-output>
          </reporter-output>
        </test-method> <!-- runScenario -->
        <test-method signature="runScenario(io.cucumber.testng.PickleWrapper,io.cucumber.testng.FeatureWrapper)[pri:0, instance:runner.Runner@757277dc]" started-at="2026-05-05T14:06:22 CDT" name="runScenario" description="Runs Cucumber Scenarios" data-provider="scenarios" finished-at="2026-05-05T14:06:23 CDT" duration-ms="316" status="PASS">
          <params>
            <param index="0">
              <value>
                <![CDATA["Admin retrieves a program with various inputs"]]>
              </value>
            </param>
            <param index="1">
              <value>
                <![CDATA["Program Module - GET Opearations"]]>
              </value>
            </param>
          </params>
          <reporter-output>
          </reporter-output>
        </test-method> <!-- runScenario -->
        <test-method signature="runScenario(io.cucumber.testng.PickleWrapper,io.cucumber.testng.FeatureWrapper)[pri:0, instance:runner.Runner@757277dc]" started-at="2026-05-05T14:06:23 CDT" name="runScenario" description="Runs Cucumber Scenarios" data-provider="scenarios" finished-at="2026-05-05T14:06:23 CDT" duration-ms="327" status="PASS">
          <params>
            <param index="0">
              <value>
                <![CDATA["Admin retrieves a program with various inputs"]]>
              </value>
            </param>
            <param index="1">
              <value>
                <![CDATA["Program Module - GET Opearations"]]>
              </value>
            </param>
          </params>
          <reporter-output>
          </reporter-output>
        </test-method> <!-- runScenario -->
        <test-method signature="runScenario(io.cucumber.testng.PickleWrapper,io.cucumber.testng.FeatureWrapper)[pri:0, instance:runner.Runner@757277dc]" started-at="2026-05-05T14:06:23 CDT" name="runScenario" description="Runs Cucumber Scenarios" data-provider="scenarios" finished-at="2026-05-05T14:06:23 CDT" duration-ms="82" status="PASS">
          <params>
            <param index="0">
              <value>
                <![CDATA["Admin retrieves a program with various inputs"]]>
              </value>
            </param>
            <param index="1">
              <value>
                <![CDATA["Program Module - GET Opearations"]]>
              </value>
            </param>
          </params>
          <reporter-output>
          </reporter-output>
        </test-method> <!-- runScenario -->
        <test-method signature="runScenario(io.cucumber.testng.PickleWrapper,io.cucumber.testng.FeatureWrapper)[pri:0, instance:runner.Runner@757277dc]" started-at="2026-05-05T14:06:23 CDT" name="runScenario" description="Runs Cucumber Scenarios" data-provider="scenarios" finished-at="2026-05-05T14:06:23 CDT" duration-ms="16" status="PASS">
          <params>
            <param index="0">
              <value>
                <![CDATA["Admin retrieves a program with various inputs"]]>
              </value>
            </param>
            <param index="1">
              <value>
                <![CDATA["Program Module - GET Opearations"]]>
              </value>
            </param>
          </params>
          <reporter-output>
          </reporter-output>
        </test-method> <!-- runScenario -->
        <test-method signature="runScenario(io.cucumber.testng.PickleWrapper,io.cucumber.testng.FeatureWrapper)[pri:0, instance:runner.Runner@757277dc]" started-at="2026-05-05T14:06:23 CDT" name="runScenario" description="Runs Cucumber Scenarios" data-provider="scenarios" finished-at="2026-05-05T14:06:23 CDT" duration-ms="17" status="PASS">
          <params>
            <param index="0">
              <value>
                <![CDATA["Admin retrieves all programs user with various inputs"]]>
              </value>
            </param>
            <param index="1">
              <value>
                <![CDATA["Program Module - GET Opearations"]]>
              </value>
            </param>
          </params>
          <reporter-output>
          </reporter-output>
        </test-method> <!-- runScenario -->
        <test-method signature="runScenario(io.cucumber.testng.PickleWrapper,io.cucumber.testng.FeatureWrapper)[pri:0, instance:runner.Runner@757277dc]" started-at="2026-05-05T14:06:23 CDT" name="runScenario" description="Runs Cucumber Scenarios" data-provider="scenarios" finished-at="2026-05-05T14:06:23 CDT" duration-ms="25" status="PASS">
          <params>
            <param index="0">
              <value>
                <![CDATA["Admin retrieves all programs user with various inputs"]]>
              </value>
            </param>
            <param index="1">
              <value>
                <![CDATA["Program Module - GET Opearations"]]>
              </value>
            </param>
          </params>
          <reporter-output>
          </reporter-output>
        </test-method> <!-- runScenario -->
        <test-method signature="runScenario(io.cucumber.testng.PickleWrapper,io.cucumber.testng.FeatureWrapper)[pri:0, instance:runner.Runner@757277dc]" started-at="2026-05-05T14:06:23 CDT" name="runScenario" description="Runs Cucumber Scenarios" data-provider="scenarios" finished-at="2026-05-05T14:06:23 CDT" duration-ms="16" status="PASS">
          <params>
            <param index="0">
              <value>
                <![CDATA["Admin retrieves all programs user with various inputs"]]>
              </value>
            </param>
            <param index="1">
              <value>
                <![CDATA["Program Module - GET Opearations"]]>
              </value>
            </param>
          </params>
          <reporter-output>
          </reporter-output>
        </test-method> <!-- runScenario -->
        <test-method signature="runScenario(io.cucumber.testng.PickleWrapper,io.cucumber.testng.FeatureWrapper)[pri:0, instance:runner.Runner@757277dc]" started-at="2026-05-05T14:06:23 CDT" name="runScenario" description="Runs Cucumber Scenarios" data-provider="scenarios" finished-at="2026-05-05T14:06:23 CDT" duration-ms="27" status="PASS">
          <params>
            <param index="0">
              <value>
                <![CDATA["Admin updates a program using programid"]]>
              </value>
            </param>
            <param index="1">
              <value>
                <![CDATA["Program Module - Update Program (PUT)"]]>
              </value>
            </param>
          </params>
          <reporter-output>
          </reporter-output>
        </test-method> <!-- runScenario -->
        <test-method signature="runScenario(io.cucumber.testng.PickleWrapper,io.cucumber.testng.FeatureWrapper)[pri:0, instance:runner.Runner@757277dc]" started-at="2026-05-05T14:06:23 CDT" name="runScenario" description="Runs Cucumber Scenarios" data-provider="scenarios" finished-at="2026-05-05T14:06:23 CDT" duration-ms="23" status="PASS">
          <params>
            <param index="0">
              <value>
                <![CDATA["Admin updates a program using programid"]]>
              </value>
            </param>
            <param index="1">
              <value>
                <![CDATA["Program Module - Update Program (PUT)"]]>
              </value>
            </param>
          </params>
          <reporter-output>
          </reporter-output>
        </test-method> <!-- runScenario -->
        <test-method signature="runScenario(io.cucumber.testng.PickleWrapper,io.cucumber.testng.FeatureWrapper)[pri:0, instance:runner.Runner@757277dc]" started-at="2026-05-05T14:06:23 CDT" name="runScenario" description="Runs Cucumber Scenarios" data-provider="scenarios" finished-at="2026-05-05T14:06:23 CDT" duration-ms="30" status="PASS">
          <params>
            <param index="0">
              <value>
                <![CDATA["Admin updates a program using programid"]]>
              </value>
            </param>
            <param index="1">
              <value>
                <![CDATA["Program Module - Update Program (PUT)"]]>
              </value>
            </param>
          </params>
          <reporter-output>
          </reporter-output>
        </test-method> <!-- runScenario -->
        <test-method signature="runScenario(io.cucumber.testng.PickleWrapper,io.cucumber.testng.FeatureWrapper)[pri:0, instance:runner.Runner@757277dc]" started-at="2026-05-05T14:06:23 CDT" name="runScenario" description="Runs Cucumber Scenarios" data-provider="scenarios" finished-at="2026-05-05T14:06:23 CDT" duration-ms="24" status="PASS">
          <params>
            <param index="0">
              <value>
                <![CDATA["Admin updates a program using programid"]]>
              </value>
            </param>
            <param index="1">
              <value>
                <![CDATA["Program Module - Update Program (PUT)"]]>
              </value>
            </param>
          </params>
          <reporter-output>
          </reporter-output>
        </test-method> <!-- runScenario -->
        <test-method signature="runScenario(io.cucumber.testng.PickleWrapper,io.cucumber.testng.FeatureWrapper)[pri:0, instance:runner.Runner@757277dc]" started-at="2026-05-05T14:06:23 CDT" name="runScenario" description="Runs Cucumber Scenarios" data-provider="scenarios" finished-at="2026-05-05T14:06:23 CDT" duration-ms="60" status="PASS">
          <params>
            <param index="0">
              <value>
                <![CDATA["Admin updates a program using programid"]]>
              </value>
            </param>
            <param index="1">
              <value>
                <![CDATA["Program Module - Update Program (PUT)"]]>
              </value>
            </param>
          </params>
          <reporter-output>
          </reporter-output>
        </test-method> <!-- runScenario -->
        <test-method signature="runScenario(io.cucumber.testng.PickleWrapper,io.cucumber.testng.FeatureWrapper)[pri:0, instance:runner.Runner@757277dc]" started-at="2026-05-05T14:06:23 CDT" name="runScenario" description="Runs Cucumber Scenarios" data-provider="scenarios" finished-at="2026-05-05T14:06:23 CDT" duration-ms="29" status="PASS">
          <params>
            <param index="0">
              <value>
                <![CDATA["Admin updates a program using programid"]]>
              </value>
            </param>
            <param index="1">
              <value>
                <![CDATA["Program Module - Update Program (PUT)"]]>
              </value>
            </param>
          </params>
          <reporter-output>
          </reporter-output>
        </test-method> <!-- runScenario -->
        <test-method signature="runScenario(io.cucumber.testng.PickleWrapper,io.cucumber.testng.FeatureWrapper)[pri:0, instance:runner.Runner@757277dc]" started-at="2026-05-05T14:06:23 CDT" name="runScenario" description="Runs Cucumber Scenarios" data-provider="scenarios" finished-at="2026-05-05T14:06:24 CDT" duration-ms="44" status="PASS">
          <params>
            <param index="0">
              <value>
                <![CDATA["Admin updates a program using programid"]]>
              </value>
            </param>
            <param index="1">
              <value>
                <![CDATA["Program Module - Update Program (PUT)"]]>
              </value>
            </param>
          </params>
          <reporter-output>
          </reporter-output>
        </test-method> <!-- runScenario -->
        <test-method signature="runScenario(io.cucumber.testng.PickleWrapper,io.cucumber.testng.FeatureWrapper)[pri:0, instance:runner.Runner@757277dc]" started-at="2026-05-05T14:06:24 CDT" name="runScenario" description="Runs Cucumber Scenarios" data-provider="scenarios" finished-at="2026-05-05T14:06:24 CDT" duration-ms="47" status="PASS">
          <params>
            <param index="0">
              <value>
                <![CDATA["Admin updates a program using programname"]]>
              </value>
            </param>
            <param index="1">
              <value>
                <![CDATA["Program Module - Update Program (PUT)"]]>
              </value>
            </param>
          </params>
          <reporter-output>
          </reporter-output>
        </test-method> <!-- runScenario -->
        <test-method signature="runScenario(io.cucumber.testng.PickleWrapper,io.cucumber.testng.FeatureWrapper)[pri:0, instance:runner.Runner@757277dc]" started-at="2026-05-05T14:06:24 CDT" name="runScenario" description="Runs Cucumber Scenarios" data-provider="scenarios" finished-at="2026-05-05T14:06:24 CDT" duration-ms="48" status="PASS">
          <params>
            <param index="0">
              <value>
                <![CDATA["Admin updates a program using programname"]]>
              </value>
            </param>
            <param index="1">
              <value>
                <![CDATA["Program Module - Update Program (PUT)"]]>
              </value>
            </param>
          </params>
          <reporter-output>
          </reporter-output>
        </test-method> <!-- runScenario -->
        <test-method signature="runScenario(io.cucumber.testng.PickleWrapper,io.cucumber.testng.FeatureWrapper)[pri:0, instance:runner.Runner@757277dc]" started-at="2026-05-05T14:06:24 CDT" name="runScenario" description="Runs Cucumber Scenarios" data-provider="scenarios" finished-at="2026-05-05T14:06:24 CDT" duration-ms="68" status="PASS">
          <params>
            <param index="0">
              <value>
                <![CDATA["Admin updates a program using programname"]]>
              </value>
            </param>
            <param index="1">
              <value>
                <![CDATA["Program Module - Update Program (PUT)"]]>
              </value>
            </param>
          </params>
          <reporter-output>
          </reporter-output>
        </test-method> <!-- runScenario -->
        <test-method signature="runScenario(io.cucumber.testng.PickleWrapper,io.cucumber.testng.FeatureWrapper)[pri:0, instance:runner.Runner@757277dc]" started-at="2026-05-05T14:06:24 CDT" name="runScenario" description="Runs Cucumber Scenarios" data-provider="scenarios" finished-at="2026-05-05T14:06:24 CDT" duration-ms="55" status="PASS">
          <params>
            <param index="0">
              <value>
                <![CDATA["Admin updates a program using programname"]]>
              </value>
            </param>
            <param index="1">
              <value>
                <![CDATA["Program Module - Update Program (PUT)"]]>
              </value>
            </param>
          </params>
          <reporter-output>
          </reporter-output>
        </test-method> <!-- runScenario -->
        <test-method signature="runScenario(io.cucumber.testng.PickleWrapper,io.cucumber.testng.FeatureWrapper)[pri:0, instance:runner.Runner@757277dc]" started-at="2026-05-05T14:06:24 CDT" name="runScenario" description="Runs Cucumber Scenarios" data-provider="scenarios" finished-at="2026-05-05T14:06:24 CDT" duration-ms="80" status="PASS">
          <params>
            <param index="0">
              <value>
                <![CDATA["Admin updates a program using programname"]]>
              </value>
            </param>
            <param index="1">
              <value>
                <![CDATA["Program Module - Update Program (PUT)"]]>
              </value>
            </param>
          </params>
          <reporter-output>
          </reporter-output>
        </test-method> <!-- runScenario -->
        <test-method signature="runScenario(io.cucumber.testng.PickleWrapper,io.cucumber.testng.FeatureWrapper)[pri:0, instance:runner.Runner@757277dc]" started-at="2026-05-05T14:06:24 CDT" name="runScenario" description="Runs Cucumber Scenarios" data-provider="scenarios" finished-at="2026-05-05T14:06:24 CDT" duration-ms="53" status="PASS">
          <params>
            <param index="0">
              <value>
                <![CDATA["Admin updates a program using programname"]]>
              </value>
            </param>
            <param index="1">
              <value>
                <![CDATA["Program Module - Update Program (PUT)"]]>
              </value>
            </param>
          </params>
          <reporter-output>
          </reporter-output>
        </test-method> <!-- runScenario -->
        <test-method signature="runScenario(io.cucumber.testng.PickleWrapper,io.cucumber.testng.FeatureWrapper)[pri:0, instance:runner.Runner@757277dc]" started-at="2026-05-05T14:06:24 CDT" name="runScenario" description="Runs Cucumber Scenarios" data-provider="scenarios" finished-at="2026-05-05T14:06:24 CDT" duration-ms="392" status="PASS">
          <params>
            <param index="0">
              <value>
                <![CDATA["Admin creates batch with only optional fields"]]>
              </value>
            </param>
            <param index="1">
              <value>
                <![CDATA["Batch post request"]]>
              </value>
            </param>
          </params>
          <reporter-output>
          </reporter-output>
        </test-method> <!-- runScenario -->
        <test-method signature="runScenario(io.cucumber.testng.PickleWrapper,io.cucumber.testng.FeatureWrapper)[pri:0, instance:runner.Runner@757277dc]" started-at="2026-05-05T14:06:24 CDT" name="runScenario" description="Runs Cucumber Scenarios" data-provider="scenarios" finished-at="2026-05-05T14:06:25 CDT" duration-ms="309" status="PASS">
          <params>
            <param index="0">
              <value>
                <![CDATA["Admin creates batch without underscore in name"]]>
              </value>
            </param>
            <param index="1">
              <value>
                <![CDATA["Batch post request"]]>
              </value>
            </param>
          </params>
          <reporter-output>
          </reporter-output>
        </test-method> <!-- runScenario -->
        <test-method signature="runScenario(io.cucumber.testng.PickleWrapper,io.cucumber.testng.FeatureWrapper)[pri:0, instance:runner.Runner@757277dc]" started-at="2026-05-05T14:06:25 CDT" name="runScenario" description="Runs Cucumber Scenarios" data-provider="scenarios" finished-at="2026-05-05T14:06:25 CDT" duration-ms="315" status="PASS">
          <params>
            <param index="0">
              <value>
                <![CDATA["Admin creates batch with hyphen in name"]]>
              </value>
            </param>
            <param index="1">
              <value>
                <![CDATA["Batch post request"]]>
              </value>
            </param>
          </params>
          <reporter-output>
          </reporter-output>
        </test-method> <!-- runScenario -->
        <test-method signature="runScenario(io.cucumber.testng.PickleWrapper,io.cucumber.testng.FeatureWrapper)[pri:0, instance:runner.Runner@757277dc]" started-at="2026-05-05T14:06:25 CDT" name="runScenario" description="Runs Cucumber Scenarios" data-provider="scenarios" finished-at="2026-05-05T14:06:25 CDT" duration-ms="330" status="PASS">
          <params>
            <param index="0">
              <value>
                <![CDATA["Admin creates batch with suffix characters"]]>
              </value>
            </param>
            <param index="1">
              <value>
                <![CDATA["Batch post request"]]>
              </value>
            </param>
          </params>
          <reporter-output>
          </reporter-output>
        </test-method> <!-- runScenario -->
        <test-method signature="runScenario(io.cucumber.testng.PickleWrapper,io.cucumber.testng.FeatureWrapper)[pri:0, instance:runner.Runner@757277dc]" started-at="2026-05-05T14:06:25 CDT" name="runScenario" description="Runs Cucumber Scenarios" data-provider="scenarios" finished-at="2026-05-05T14:06:26 CDT" duration-ms="315" status="PASS">
          <params>
            <param index="0">
              <value>
                <![CDATA["Admin creates batch with special characters in suffix"]]>
              </value>
            </param>
            <param index="1">
              <value>
                <![CDATA["Batch post request"]]>
              </value>
            </param>
          </params>
          <reporter-output>
          </reporter-output>
        </test-method> <!-- runScenario -->
        <test-method signature="runScenario(io.cucumber.testng.PickleWrapper,io.cucumber.testng.FeatureWrapper)[pri:0, instance:runner.Runner@757277dc]" started-at="2026-05-05T14:06:26 CDT" name="runScenario" description="Runs Cucumber Scenarios" data-provider="scenarios" finished-at="2026-05-05T14:06:26 CDT" duration-ms="316" status="PASS">
          <params>
            <param index="0">
              <value>
                <![CDATA["Admin creates batch with name length more than twenty eight"]]>
              </value>
            </param>
            <param index="1">
              <value>
                <![CDATA["Batch post request"]]>
              </value>
            </param>
          </params>
          <reporter-output>
          </reporter-output>
        </test-method> <!-- runScenario -->
        <test-method signature="runScenario(io.cucumber.testng.PickleWrapper,io.cucumber.testng.FeatureWrapper)[pri:0, instance:runner.Runner@757277dc]" started-at="2026-05-05T14:06:26 CDT" name="runScenario" description="Runs Cucumber Scenarios" data-provider="scenarios" finished-at="2026-05-05T14:06:26 CDT" duration-ms="312" status="PASS">
          <params>
            <param index="0">
              <value>
                <![CDATA["Admin creates batch with name length less than six"]]>
              </value>
            </param>
            <param index="1">
              <value>
                <![CDATA["Batch post request"]]>
              </value>
            </param>
          </params>
          <reporter-output>
          </reporter-output>
        </test-method> <!-- runScenario -->
        <test-method signature="runScenario(io.cucumber.testng.PickleWrapper,io.cucumber.testng.FeatureWrapper)[pri:0, instance:runner.Runner@757277dc]" started-at="2026-05-05T14:06:26 CDT" name="runScenario" description="Runs Cucumber Scenarios" data-provider="scenarios" finished-at="2026-05-05T14:06:27 CDT" duration-ms="334" status="PASS">
          <params>
            <param index="0">
              <value>
                <![CDATA["Admin creates batch with duplicate name"]]>
              </value>
            </param>
            <param index="1">
              <value>
                <![CDATA["Batch post request"]]>
              </value>
            </param>
          </params>
          <reporter-output>
          </reporter-output>
        </test-method> <!-- runScenario -->
        <test-method signature="runScenario(io.cucumber.testng.PickleWrapper,io.cucumber.testng.FeatureWrapper)[pri:0, instance:runner.Runner@757277dc]" started-at="2026-05-05T14:06:27 CDT" name="runScenario" description="Runs Cucumber Scenarios" data-provider="scenarios" finished-at="2026-05-05T14:06:27 CDT" duration-ms="316" status="FAIL">
          <params>
            <param index="0">
              <value>
                <![CDATA["Admin creates batch with short description"]]>
              </value>
            </param>
            <param index="1">
              <value>
                <![CDATA["Batch post request"]]>
              </value>
            </param>
          </params>
          <exception class="java.lang.AssertionError">
            <message>
              <![CDATA[1 expectation failed.
Expected status code <400> but was <201>.
]]>
            </message>
            <full-stacktrace>
              <![CDATA[java.lang.AssertionError: 1 expectation failed.
Expected status code <400> but was <201>.

at java.base/jdk.internal.reflect.NativeConstructorAccessorImpl.newInstance0(Native Method)
at java.base/jdk.internal.reflect.NativeConstructorAccessorImpl.newInstance(NativeConstructorAccessorImpl.java:77)
at java.base/jdk.internal.reflect.DelegatingConstructorAccessorImpl.newInstance(DelegatingConstructorAccessorImpl.java:45)
at java.base/java.lang.reflect.Constructor.newInstanceWithCaller(Constructor.java:499)
at java.base/java.lang.reflect.Constructor.newInstance(Constructor.java:480)
at org.codehaus.groovy.reflection.CachedConstructor.invoke(CachedConstructor.java:73)
at org.codehaus.groovy.runtime.callsite.ConstructorSite$ConstructorSiteNoUnwrapNoCoerce.callConstructor(ConstructorSite.java:108)
at org.codehaus.groovy.runtime.callsite.AbstractCallSite.callConstructor(AbstractCallSite.java:277)
at io.restassured.internal.ResponseSpecificationImpl$HamcrestAssertionClosure.validate(ResponseSpecificationImpl.groovy:512)
at io.restassured.internal.ResponseSpecificationImpl$HamcrestAssertionClosure$validate$1.call(Unknown Source)
at io.restassured.internal.ResponseSpecificationImpl.validateResponseIfRequired(ResponseSpecificationImpl.groovy:696)
at io.restassured.internal.ResponseSpecificationImpl.this$2$validateResponseIfRequired(ResponseSpecificationImpl.groovy)
at jdk.internal.reflect.GeneratedMethodAccessor154.invoke(Unknown Source)
at java.base/jdk.internal.reflect.DelegatingMethodAccessorImpl.invoke(DelegatingMethodAccessorImpl.java:43)
at java.base/java.lang.reflect.Method.invoke(Method.java:568)
at org.codehaus.groovy.runtime.callsite.PlainObjectMetaMethodSite.doInvoke(PlainObjectMetaMethodSite.java:43)
at org.codehaus.groovy.runtime.callsite.PogoMetaMethodSite$PogoCachedMethodSiteNoUnwrapNoCoerce.invoke(PogoMetaMethodSite.java:198)
at org.codehaus.groovy.runtime.callsite.PogoMetaMethodSite.callCurrent(PogoMetaMethodSite.java:62)
at org.codehaus.groovy.runtime.callsite.AbstractCallSite.callCurrent(AbstractCallSite.java:185)
at io.restassured.internal.ResponseSpecificationImpl.statusCode(ResponseSpecificationImpl.groovy:135)
at io.restassured.specification.ResponseSpecification$statusCode$0.callCurrent(Unknown Source)
at io.restassured.internal.ResponseSpecificationImpl.statusCode(ResponseSpecificationImpl.groovy:143)
at io.restassured.internal.ValidatableResponseOptionsImpl.statusCode(ValidatableResponseOptionsImpl.java:89)
at StepDefinition.batchController.validateStatusCodeResponse(batchController.java:128)
at StepDefinition.batchController.admin_receives_status_code_with_error_message(batchController.java:454)
at ✽.Admin receives status code with error message(file:///C:/Users/gayat/git/Team04_RestassuredExplorers/src/test/resources/features/05BatchPost.feature:50)
]]>
            </full-stacktrace>
          </exception> <!-- java.lang.AssertionError -->
          <reporter-output>
          </reporter-output>
        </test-method> <!-- runScenario -->
        <test-method signature="runScenario(io.cucumber.testng.PickleWrapper,io.cucumber.testng.FeatureWrapper)[pri:0, instance:runner.Runner@757277dc]" started-at="2026-05-05T14:06:27 CDT" name="runScenario" description="Runs Cucumber Scenarios" data-provider="scenarios" finished-at="2026-05-05T14:06:27 CDT" duration-ms="316" status="FAIL">
          <params>
            <param index="0">
              <value>
                <![CDATA["Admin creates batch with long description"]]>
              </value>
            </param>
            <param index="1">
              <value>
                <![CDATA["Batch post request"]]>
              </value>
            </param>
          </params>
          <exception class="java.lang.AssertionError">
            <message>
              <![CDATA[1 expectation failed.
Expected status code <400> but was <201>.
]]>
            </message>
            <full-stacktrace>
              <![CDATA[java.lang.AssertionError: 1 expectation failed.
Expected status code <400> but was <201>.

at java.base/jdk.internal.reflect.NativeConstructorAccessorImpl.newInstance0(Native Method)
at java.base/jdk.internal.reflect.NativeConstructorAccessorImpl.newInstance(NativeConstructorAccessorImpl.java:77)
at java.base/jdk.internal.reflect.DelegatingConstructorAccessorImpl.newInstance(DelegatingConstructorAccessorImpl.java:45)
at java.base/java.lang.reflect.Constructor.newInstanceWithCaller(Constructor.java:499)
at java.base/java.lang.reflect.Constructor.newInstance(Constructor.java:480)
at org.codehaus.groovy.reflection.CachedConstructor.invoke(CachedConstructor.java:73)
at org.codehaus.groovy.runtime.callsite.ConstructorSite$ConstructorSiteNoUnwrapNoCoerce.callConstructor(ConstructorSite.java:108)
at org.codehaus.groovy.runtime.callsite.AbstractCallSite.callConstructor(AbstractCallSite.java:277)
at io.restassured.internal.ResponseSpecificationImpl$HamcrestAssertionClosure.validate(ResponseSpecificationImpl.groovy:512)
at io.restassured.internal.ResponseSpecificationImpl$HamcrestAssertionClosure$validate$1.call(Unknown Source)
at io.restassured.internal.ResponseSpecificationImpl.validateResponseIfRequired(ResponseSpecificationImpl.groovy:696)
at io.restassured.internal.ResponseSpecificationImpl.this$2$validateResponseIfRequired(ResponseSpecificationImpl.groovy)
at jdk.internal.reflect.GeneratedMethodAccessor154.invoke(Unknown Source)
at java.base/jdk.internal.reflect.DelegatingMethodAccessorImpl.invoke(DelegatingMethodAccessorImpl.java:43)
at java.base/java.lang.reflect.Method.invoke(Method.java:568)
at org.codehaus.groovy.runtime.callsite.PlainObjectMetaMethodSite.doInvoke(PlainObjectMetaMethodSite.java:43)
at org.codehaus.groovy.runtime.callsite.PogoMetaMethodSite$PogoCachedMethodSiteNoUnwrapNoCoerce.invoke(PogoMetaMethodSite.java:198)
at org.codehaus.groovy.runtime.callsite.PogoMetaMethodSite.callCurrent(PogoMetaMethodSite.java:62)
at org.codehaus.groovy.runtime.callsite.AbstractCallSite.callCurrent(AbstractCallSite.java:185)
at io.restassured.internal.ResponseSpecificationImpl.statusCode(ResponseSpecificationImpl.groovy:135)
at io.restassured.specification.ResponseSpecification$statusCode$0.callCurrent(Unknown Source)
at io.restassured.internal.ResponseSpecificationImpl.statusCode(ResponseSpecificationImpl.groovy:143)
at io.restassured.internal.ValidatableResponseOptionsImpl.statusCode(ValidatableResponseOptionsImpl.java:89)
at StepDefinition.batchController.validateStatusCodeResponse(batchController.java:128)
at StepDefinition.batchController.admin_receives_status_code_with_error_message(batchController.java:454)
at ✽.Admin receives status code with error message(file:///C:/Users/gayat/git/Team04_RestassuredExplorers/src/test/resources/features/05BatchPost.feature:55)
]]>
            </full-stacktrace>
          </exception> <!-- java.lang.AssertionError -->
          <reporter-output>
          </reporter-output>
        </test-method> <!-- runScenario -->
        <test-method signature="runScenario(io.cucumber.testng.PickleWrapper,io.cucumber.testng.FeatureWrapper)[pri:0, instance:runner.Runner@757277dc]" started-at="2026-05-05T14:06:27 CDT" name="runScenario" description="Runs Cucumber Scenarios" data-provider="scenarios" finished-at="2026-05-05T14:06:28 CDT" duration-ms="314" status="PASS">
          <params>
            <param index="0">
              <value>
                <![CDATA["Admin creates batch with random characters in status"]]>
              </value>
            </param>
            <param index="1">
              <value>
                <![CDATA["Batch post request"]]>
              </value>
            </param>
          </params>
          <reporter-output>
          </reporter-output>
        </test-method> <!-- runScenario -->
        <test-method signature="runScenario(io.cucumber.testng.PickleWrapper,io.cucumber.testng.FeatureWrapper)[pri:0, instance:runner.Runner@757277dc]" started-at="2026-05-05T14:06:28 CDT" name="runScenario" description="Runs Cucumber Scenarios" data-provider="scenarios" finished-at="2026-05-05T14:06:28 CDT" duration-ms="305" status="PASS">
          <params>
            <param index="0">
              <value>
                <![CDATA["Admin creates batch with random numbers in status"]]>
              </value>
            </param>
            <param index="1">
              <value>
                <![CDATA["Batch post request"]]>
              </value>
            </param>
          </params>
          <reporter-output>
          </reporter-output>
        </test-method> <!-- runScenario -->
        <test-method signature="runScenario(io.cucumber.testng.PickleWrapper,io.cucumber.testng.FeatureWrapper)[pri:0, instance:runner.Runner@757277dc]" started-at="2026-05-05T14:06:28 CDT" name="runScenario" description="Runs Cucumber Scenarios" data-provider="scenarios" finished-at="2026-05-05T14:06:28 CDT" duration-ms="314" status="PASS">
          <params>
            <param index="0">
              <value>
                <![CDATA["Admin creates batch with special characters in status"]]>
              </value>
            </param>
            <param index="1">
              <value>
                <![CDATA["Batch post request"]]>
              </value>
            </param>
          </params>
          <reporter-output>
          </reporter-output>
        </test-method> <!-- runScenario -->
        <test-method signature="runScenario(io.cucumber.testng.PickleWrapper,io.cucumber.testng.FeatureWrapper)[pri:0, instance:runner.Runner@757277dc]" started-at="2026-05-05T14:06:28 CDT" name="runScenario" description="Runs Cucumber Scenarios" data-provider="scenarios" finished-at="2026-05-05T14:06:28 CDT" duration-ms="340" status="PASS">
          <params>
            <param index="0">
              <value>
                <![CDATA["Admin creates batch with classes length less than one"]]>
              </value>
            </param>
            <param index="1">
              <value>
                <![CDATA["Batch post request"]]>
              </value>
            </param>
          </params>
          <reporter-output>
          </reporter-output>
        </test-method> <!-- runScenario -->
        <test-method signature="runScenario(io.cucumber.testng.PickleWrapper,io.cucumber.testng.FeatureWrapper)[pri:0, instance:runner.Runner@757277dc]" started-at="2026-05-05T14:06:28 CDT" name="runScenario" description="Runs Cucumber Scenarios" data-provider="scenarios" finished-at="2026-05-05T14:06:29 CDT" duration-ms="311" status="PASS">
          <params>
            <param index="0">
              <value>
                <![CDATA["Admin creates batch with classes length more than allowed"]]>
              </value>
            </param>
            <param index="1">
              <value>
                <![CDATA["Batch post request"]]>
              </value>
            </param>
          </params>
          <reporter-output>
          </reporter-output>
        </test-method> <!-- runScenario -->
        <test-method signature="runScenario(io.cucumber.testng.PickleWrapper,io.cucumber.testng.FeatureWrapper)[pri:0, instance:runner.Runner@757277dc]" started-at="2026-05-05T14:06:29 CDT" name="runScenario" description="Runs Cucumber Scenarios" data-provider="scenarios" finished-at="2026-05-05T14:06:29 CDT" duration-ms="334" status="PASS">
          <params>
            <param index="0">
              <value>
                <![CDATA["Admin creates batch with inactive program id"]]>
              </value>
            </param>
            <param index="1">
              <value>
                <![CDATA["Batch post request"]]>
              </value>
            </param>
          </params>
          <reporter-output>
          </reporter-output>
        </test-method> <!-- runScenario -->
        <test-method signature="runScenario(io.cucumber.testng.PickleWrapper,io.cucumber.testng.FeatureWrapper)[pri:0, instance:runner.Runner@757277dc]" started-at="2026-05-05T14:06:29 CDT" name="runScenario" description="Runs Cucumber Scenarios" data-provider="scenarios" finished-at="2026-05-05T14:06:29 CDT" duration-ms="316" status="PASS">
          <params>
            <param index="0">
              <value>
[...]
at utils.JsonDataReader.getLoginData(JsonDataReader.java:40)
at StepDefinition.userLogin.postMethod(userLogin.java:33)
at StepDefinition.userLogin.admin_creates_post_request_with_empty_email(userLogin.java:187)
at ✽.Admin creates POST request with empty email(file:///C:/Users/gayat/git/Team04_RestassuredExplorers/src/test/resources/features/11passwordForgot.feature:20)
]]>
            </full-stacktrace>
          </exception> <!-- java.lang.NullPointerException -->
          <reporter-output>
          </reporter-output>
        </test-method> <!-- runScenario -->
        <test-method signature="runScenario(io.cucumber.testng.PickleWrapper,io.cucumber.testng.FeatureWrapper)[pri:0, instance:runner.Runner@757277dc]" started-at="2026-05-05T14:06:41 CDT" name="runScenario" description="Runs Cucumber Scenarios" data-provider="scenarios" finished-at="2026-05-05T14:06:41 CDT" duration-ms="3" status="FAIL">
          <params>
            <param index="0">
              <value>
                <![CDATA["Admin requests password reset with invalid email"]]>
              </value>
            </param>
            <param index="1">
              <value>
                <![CDATA["Forgot Password Feature"]]>
              </value>
            </param>
          </params>
          <exception class="io.cucumber.java.PendingException">
            <message>
              <![CDATA[TODO: implement me]]>
            </message>
            <full-stacktrace>
              <![CDATA[io.cucumber.java.PendingException: TODO: implement me
at StepDefinition.userLogin.admin_creates_post_request_with_invalid_email(userLogin.java:314)
at ✽.Admin creates POST request with invalid email(file:///C:/Users/gayat/git/Team04_RestassuredExplorers/src/test/resources/features/11passwordForgot.feature:25)
]]>
            </full-stacktrace>
          </exception> <!-- io.cucumber.java.PendingException -->
          <reporter-output>
          </reporter-output>
        </test-method> <!-- runScenario -->
        <test-method signature="runScenario(io.cucumber.testng.PickleWrapper,io.cucumber.testng.FeatureWrapper)[pri:0, instance:runner.Runner@757277dc]" started-at="2026-05-05T14:06:41 CDT" name="runScenario" description="Runs Cucumber Scenarios" data-provider="scenarios" finished-at="2026-05-05T14:06:41 CDT" duration-ms="9" status="FAIL">
          <params>
            <param index="0">
              <value>
                <![CDATA["Admin requests password reset with null in email field"]]>
              </value>
            </param>
            <param index="1">
              <value>
                <![CDATA["Forgot Password Feature"]]>
              </value>
            </param>
          </params>
          <exception class="java.lang.NullPointerException">
            <message>
              <![CDATA[Cannot invoke "String.trim()" because "<parameter1>" is null]]>
            </message>
            <full-stacktrace>
              <![CDATA[java.lang.NullPointerException: Cannot invoke "String.trim()" because "<parameter1>" is null
at utils.JsonDataReader.lambda$0(JsonDataReader.java:39)
at java.base/java.util.stream.ReferencePipeline$2$1.accept(ReferencePipeline.java:178)
at java.base/java.util.Spliterators$ArraySpliterator.tryAdvance(Spliterators.java:1002)
at java.base/java.util.stream.ReferencePipeline.forEachWithCancel(ReferencePipeline.java:129)
at java.base/java.util.stream.AbstractPipeline.copyIntoWithCancel(AbstractPipeline.java:527)
at java.base/java.util.stream.AbstractPipeline.copyInto(AbstractPipeline.java:513)
at java.base/java.util.stream.AbstractPipeline.wrapAndCopyInto(AbstractPipeline.java:499)
at java.base/java.util.stream.FindOps$FindOp.evaluateSequential(FindOps.java:150)
at java.base/java.util.stream.AbstractPipeline.evaluate(AbstractPipeline.java:234)
at java.base/java.util.stream.ReferencePipeline.findFirst(ReferencePipeline.java:647)
at utils.JsonDataReader.getLoginData(JsonDataReader.java:40)
at StepDefinition.userLogin.postMethod(userLogin.java:33)
at StepDefinition.userLogin.admin_creates_post_request_with_null_in_email(userLogin.java:217)
at ✽.Admin creates POST request with null in email(file:///C:/Users/gayat/git/Team04_RestassuredExplorers/src/test/resources/features/11passwordForgot.feature:30)
]]>
            </full-stacktrace>
          </exception> <!-- java.lang.NullPointerException -->
          <reporter-output>
          </reporter-output>
        </test-method> <!-- runScenario -->
        <test-method signature="runScenario(io.cucumber.testng.PickleWrapper,io.cucumber.testng.FeatureWrapper)[pri:0, instance:runner.Runner@757277dc]" started-at="2026-05-05T14:06:41 CDT" name="runScenario" description="Runs Cucumber Scenarios" data-provider="scenarios" finished-at="2026-05-05T14:06:41 CDT" duration-ms="8" status="FAIL">
          <params>
            <param index="0">
              <value>
                <![CDATA["Admin requests password reset with unregistered email"]]>
              </value>
            </param>
            <param index="1">
              <value>
                <![CDATA["Forgot Password Feature"]]>
              </value>
            </param>
          </params>
          <exception class="java.lang.NullPointerException">
            <message>
              <![CDATA[Cannot invoke "String.trim()" because "<parameter1>" is null]]>
            </message>
            <full-stacktrace>
              <![CDATA[java.lang.NullPointerException: Cannot invoke "String.trim()" because "<parameter1>" is null
at utils.JsonDataReader.lambda$0(JsonDataReader.java:39)
at java.base/java.util.stream.ReferencePipeline$2$1.accept(ReferencePipeline.java:178)
at java.base/java.util.Spliterators$ArraySpliterator.tryAdvance(Spliterators.java:1002)
at java.base/java.util.stream.ReferencePipeline.forEachWithCancel(ReferencePipeline.java:129)
at java.base/java.util.stream.AbstractPipeline.copyIntoWithCancel(AbstractPipeline.java:527)
at java.base/java.util.stream.AbstractPipeline.copyInto(AbstractPipeline.java:513)
at java.base/java.util.stream.AbstractPipeline.wrapAndCopyInto(AbstractPipeline.java:499)
at java.base/java.util.stream.FindOps$FindOp.evaluateSequential(FindOps.java:150)
at java.base/java.util.stream.AbstractPipeline.evaluate(AbstractPipeline.java:234)
at java.base/java.util.stream.ReferencePipeline.findFirst(ReferencePipeline.java:647)
at utils.JsonDataReader.getLoginData(JsonDataReader.java:40)
at StepDefinition.userLogin.postMethod(userLogin.java:33)
at StepDefinition.userLogin.admin_creates_post_request_with_unregistered_email(userLogin.java:223)
at ✽.Admin creates POST request with unregistered email(file:///C:/Users/gayat/git/Team04_RestassuredExplorers/src/test/resources/features/11passwordForgot.feature:35)
]]>
            </full-stacktrace>
          </exception> <!-- java.lang.NullPointerException -->
          <reporter-output>
          </reporter-output>
        </test-method> <!-- runScenario -->
        <test-method signature="runScenario(io.cucumber.testng.PickleWrapper,io.cucumber.testng.FeatureWrapper)[pri:0, instance:runner.Runner@757277dc]" started-at="2026-05-05T14:06:41 CDT" name="runScenario" description="Runs Cucumber Scenarios" data-provider="scenarios" finished-at="2026-05-05T14:06:41 CDT" duration-ms="5" status="FAIL">
          <params>
            <param index="0">
              <value>
                <![CDATA["Admin requests password reset with valid email"]]>
              </value>
            </param>
            <param index="1">
              <value>
                <![CDATA["Forgot Password Feature"]]>
              </value>
            </param>
          </params>
          <exception class="io.cucumber.java.PendingException">
            <message>
              <![CDATA[TODO: implement me]]>
            </message>
            <full-stacktrace>
              <![CDATA[io.cucumber.java.PendingException: TODO: implement me
at StepDefinition.userLogin.admin_creates_post_request_with_valid_credential(userLogin.java:296)
at ✽.Admin creates POST request with valid credential(file:///C:/Users/gayat/git/Team04_RestassuredExplorers/src/test/resources/features/11passwordForgot.feature:40)
]]>
            </full-stacktrace>
          </exception> <!-- io.cucumber.java.PendingException -->
          <reporter-output>
          </reporter-output>
        </test-method> <!-- runScenario -->
        <test-method signature="runScenario(io.cucumber.testng.PickleWrapper,io.cucumber.testng.FeatureWrapper)[pri:0, instance:runner.Runner@757277dc]" started-at="2026-05-05T14:06:41 CDT" name="runScenario" description="Runs Cucumber Scenarios" data-provider="scenarios" finished-at="2026-05-05T14:06:41 CDT" duration-ms="17" status="PASS">
          <params>
            <param index="0">
              <value>
                <![CDATA["Reset password with invalid inputs"]]>
              </value>
            </param>
            <param index="1">
              <value>
                <![CDATA["Admin resets password"]]>
              </value>
            </param>
          </params>
          <reporter-output>
          </reporter-output>
        </test-method> <!-- runScenario -->
        <test-method signature="runScenario(io.cucumber.testng.PickleWrapper,io.cucumber.testng.FeatureWrapper)[pri:0, instance:runner.Runner@757277dc]" started-at="2026-05-05T14:06:41 CDT" name="runScenario" description="Runs Cucumber Scenarios" data-provider="scenarios" finished-at="2026-05-05T14:06:41 CDT" duration-ms="17" status="PASS">
          <params>
            <param index="0">
              <value>
                <![CDATA["Reset password with invalid inputs"]]>
              </value>
            </param>
            <param index="1">
              <value>
                <![CDATA["Admin resets password"]]>
              </value>
            </param>
          </params>
          <reporter-output>
          </reporter-output>
        </test-method> <!-- runScenario -->
        <test-method signature="runScenario(io.cucumber.testng.PickleWrapper,io.cucumber.testng.FeatureWrapper)[pri:0, instance:runner.Runner@757277dc]" started-at="2026-05-05T14:06:41 CDT" name="runScenario" description="Runs Cucumber Scenarios" data-provider="scenarios" finished-at="2026-05-05T14:06:41 CDT" duration-ms="24" status="PASS">
          <params>
            <param index="0">
              <value>
                <![CDATA["Reset password with invalid inputs"]]>
              </value>
            </param>
            <param index="1">
              <value>
                <![CDATA["Admin resets password"]]>
              </value>
            </param>
          </params>
          <reporter-output>
          </reporter-output>
        </test-method> <!-- runScenario -->
        <test-method signature="runScenario(io.cucumber.testng.PickleWrapper,io.cucumber.testng.FeatureWrapper)[pri:0, instance:runner.Runner@757277dc]" started-at="2026-05-05T14:06:41 CDT" name="runScenario" description="Runs Cucumber Scenarios" data-provider="scenarios" finished-at="2026-05-05T14:06:41 CDT" duration-ms="10" status="FAIL">
          <params>
            <param index="0">
              <value>
                <![CDATA["Reset password with invalid inputs"]]>
              </value>
            </param>
            <param index="1">
              <value>
                <![CDATA["Admin resets password"]]>
              </value>
            </param>
          </params>
          <exception class="java.lang.RuntimeException">
            <message>
              <![CDATA[Failed to read JSON file: src/test/resources/TestData/test_data.json]]>
            </message>
            <full-stacktrace>
              <![CDATA[java.lang.RuntimeException: Failed to read JSON file: src/test/resources/TestData/test_data.json
at utils.JsonDataReader1.getTestData(JsonDataReader1.java:39)
at StepDefinition.resetPassword.admin_creates_post_request_for(resetPassword.java:38)
at ✽.Admin creates POST Request for "Reset password with invalid content type"(file:///C:/Users/gayat/git/Team04_RestassuredExplorers/src/test/resources/features/12ResetPassword.feature:10)
Caused by: java.lang.RuntimeException: No test data found for scenario: Reset password with invalid content type
at utils.JsonDataReader1.lambda$1(JsonDataReader1.java:33)
at java.base/java.util.Optional.orElseThrow(Optional.java:403)
at utils.JsonDataReader1.getTestData(JsonDataReader1.java:31)
... 2 more
]]>
            </full-stacktrace>
          </exception> <!-- java.lang.RuntimeException -->
          <reporter-output>
          </reporter-output>
        </test-method> <!-- runScenario -->
        <test-method signature="runScenario(io.cucumber.testng.PickleWrapper,io.cucumber.testng.FeatureWrapper)[pri:0, instance:runner.Runner@757277dc]" started-at="2026-05-05T14:06:41 CDT" name="runScenario" description="Runs Cucumber Scenarios" data-provider="scenarios" finished-at="2026-05-05T14:06:41 CDT" duration-ms="29" status="PASS">
          <params>
            <param index="0">
              <value>
                <![CDATA["Reset password with invalid inputs"]]>
              </value>
            </param>
            <param index="1">
              <value>
                <![CDATA["Admin resets password"]]>
              </value>
            </param>
          </params>
          <reporter-output>
          </reporter-output>
        </test-method> <!-- runScenario -->
        <test-method signature="runScenario(io.cucumber.testng.PickleWrapper,io.cucumber.testng.FeatureWrapper)[pri:0, instance:runner.Runner@757277dc]" started-at="2026-05-05T14:06:41 CDT" name="runScenario" description="Runs Cucumber Scenarios" data-provider="scenarios" finished-at="2026-05-05T14:06:41 CDT" duration-ms="17" status="PASS">
          <params>
            <param index="0">
              <value>
                <![CDATA["Reset password with invalid inputs"]]>
              </value>
            </param>
            <param index="1">
              <value>
                <![CDATA["Admin resets password"]]>
              </value>
            </param>
          </params>
          <reporter-output>
          </reporter-output>
        </test-method> <!-- runScenario -->
        <test-method signature="runScenario(io.cucumber.testng.PickleWrapper,io.cucumber.testng.FeatureWrapper)[pri:0, instance:runner.Runner@757277dc]" started-at="2026-05-05T14:06:41 CDT" name="runScenario" description="Runs Cucumber Scenarios" data-provider="scenarios" finished-at="2026-05-05T14:06:41 CDT" duration-ms="14" status="PASS">
          <params>
            <param index="0">
              <value>
                <![CDATA["Validate logout with different authentication states"]]>
              </value>
            </param>
            <param index="1">
              <value>
                <![CDATA["Admin Logout API validation"]]>
              </value>
            </param>
          </params>
          <reporter-output>
          </reporter-output>
        </test-method> <!-- runScenario -->
        <test-method signature="runScenario(io.cucumber.testng.PickleWrapper,io.cucumber.testng.FeatureWrapper)[pri:0, instance:runner.Runner@757277dc]" started-at="2026-05-05T14:06:41 CDT" name="runScenario" description="Runs Cucumber Scenarios" data-provider="scenarios" finished-at="2026-05-05T14:06:41 CDT" duration-ms="13" status="PASS">
          <params>
            <param index="0">
              <value>
                <![CDATA["Validate logout with different authentication states"]]>
              </value>
            </param>
            <param index="1">
              <value>
                <![CDATA["Admin Logout API validation"]]>
              </value>
            </param>
          </params>
          <reporter-output>
          </reporter-output>
        </test-method> <!-- runScenario -->
        <test-method signature="runScenario(io.cucumber.testng.PickleWrapper,io.cucumber.testng.FeatureWrapper)[pri:0, instance:runner.Runner@757277dc]" started-at="2026-05-05T14:06:41 CDT" name="runScenario" description="Runs Cucumber Scenarios" data-provider="scenarios" finished-at="2026-05-05T14:06:41 CDT" duration-ms="16" status="PASS">
          <params>
            <param index="0">
              <value>
                <![CDATA["Validate logout with different authentication states"]]>
              </value>
            </param>
            <param index="1">
              <value>
                <![CDATA["Admin Logout API validation"]]>
              </value>
            </param>
          </params>
          <reporter-output>
          </reporter-output>
        </test-method> <!-- runScenario -->
        <test-method signature="runScenario(io.cucumber.testng.PickleWrapper,io.cucumber.testng.FeatureWrapper)[pri:0, instance:runner.Runner@757277dc]" started-at="2026-05-05T14:06:41 CDT" name="runScenario" description="Runs Cucumber Scenarios" data-provider="scenarios" finished-at="2026-05-05T14:06:41 CDT" duration-ms="22" status="PASS">
          <params>
            <param index="0">
              <value>
                <![CDATA["Validate logout with different authentication states"]]>
              </value>
            </param>
            <param index="1">
              <value>
                <![CDATA["Admin Logout API validation"]]>
              </value>
            </param>
          </params>
          <reporter-output>
          </reporter-output>
        </test-method> <!-- runScenario -->
        <test-method signature="runScenario(io.cucumber.testng.PickleWrapper,io.cucumber.testng.FeatureWrapper)[pri:0, instance:runner.Runner@757277dc]" started-at="2026-05-05T14:06:41 CDT" name="runScenario" description="Runs Cucumber Scenarios" data-provider="scenarios" finished-at="2026-05-05T14:06:41 CDT" duration-ms="22" status="PASS">
          <params>
            <param index="0">
              <value>
                <![CDATA["Validate logout with different authentication states"]]>
              </value>
            </param>
            <param index="1">
              <value>
                <![CDATA["Admin Logout API validation"]]>
              </value>
            </param>
          </params>
          <reporter-output>
          </reporter-output>
        </test-method> <!-- runScenario -->
        <test-method signature="runScenario(io.cucumber.testng.PickleWrapper,io.cucumber.testng.FeatureWrapper)[pri:0, instance:runner.Runner@757277dc]" started-at="2026-05-05T14:06:41 CDT" name="runScenario" description="Runs Cucumber Scenarios" data-provider="scenarios" finished-at="2026-05-05T14:06:41 CDT" duration-ms="22" status="PASS">
          <params>
            <param index="0">
              <value>
                <![CDATA["Validate logout with different authentication states"]]>
              </value>
            </param>
            <param index="1">
              <value>
                <![CDATA["Admin Logout API validation"]]>
              </value>
            </param>
          </params>
          <reporter-output>
          </reporter-output>
        </test-method> <!-- runScenario -->
        <test-method is-config="true" signature="tearDownClass()[pri:0, instance:runner.Runner@757277dc]" started-at="2026-05-05T14:06:41 CDT" name="tearDownClass" finished-at="2026-05-05T14:06:41 CDT" duration-ms="23" status="PASS">
          <reporter-output>
          </reporter-output>
        </test-method> <!-- tearDownClass -->
      </class> <!-- runner.Runner -->
    </test> <!-- Default test -->
  </suite> <!-- Default suite -->
</testng-results>
